{"C:\\Users\\123123\\OneDrive\\Microverse\\module 2\\week 2\\todo-list-2.0\\src\\modules.js\\changeIcons.js": {"path":"C:\\Users\\123123\\OneDrive\\Microverse\\module 2\\week 2\\todo-list-2.0\\src\\modules.js\\changeIcons.js","statementMap":{"0":{"start":{"line":1,"column":27},"end":{"line":21,"column":1}},"1":{"start":{"line":2,"column":23},"end":{"line":2,"column":69}},"2":{"start":{"line":4,"column":2},"end":{"line":20,"column":5}},"3":{"start":{"line":5,"column":4},"end":{"line":10,"column":7}},"4":{"start":{"line":6,"column":6},"end":{"line":6,"column":25}},"5":{"start":{"line":7,"column":17},"end":{"line":7,"column":63}},"6":{"start":{"line":8,"column":6},"end":{"line":8,"column":56}},"7":{"start":{"line":9,"column":6},"end":{"line":9,"column":61}},"8":{"start":{"line":12,"column":4},"end":{"line":19,"column":7}},"9":{"start":{"line":13,"column":6},"end":{"line":13,"column":60}},"10":{"start":{"line":14,"column":6},"end":{"line":14,"column":75}},"11":{"start":{"line":15,"column":6},"end":{"line":18,"column":15}},"12":{"start":{"line":16,"column":8},"end":{"line":16,"column":62}},"13":{"start":{"line":17,"column":8},"end":{"line":17,"column":74}}},"fnMap":{"0":{"name":"(anonymous_0)","decl":{"start":{"line":1,"column":27},"end":{"line":1,"column":28}},"loc":{"start":{"line":1,"column":33},"end":{"line":21,"column":1}},"line":1},"1":{"name":"(anonymous_1)","decl":{"start":{"line":4,"column":23},"end":{"line":4,"column":24}},"loc":{"start":{"line":4,"column":36},"end":{"line":20,"column":3}},"line":4},"2":{"name":"(anonymous_2)","decl":{"start":{"line":5,"column":39},"end":{"line":5,"column":40}},"loc":{"start":{"line":5,"column":46},"end":{"line":10,"column":5}},"line":5},"3":{"name":"(anonymous_3)","decl":{"start":{"line":12,"column":38},"end":{"line":12,"column":39}},"loc":{"start":{"line":12,"column":45},"end":{"line":19,"column":5}},"line":12},"4":{"name":"(anonymous_4)","decl":{"start":{"line":15,"column":17},"end":{"line":15,"column":18}},"loc":{"start":{"line":15,"column":23},"end":{"line":18,"column":7}},"line":15}},"branchMap":{},"s":{"0":1,"1":4,"2":4,"3":2,"4":0,"5":0,"6":0,"7":0,"8":2,"9":0,"10":0,"11":0,"12":0,"13":0},"f":{"0":4,"1":2,"2":0,"3":0,"4":0},"b":{},"_coverageSchema":"1a1c01bbd47fc00a2c39e90264f33305004495a9","hash":"c85f49b63abe0c7445085519c5cdaaaefa729ad9"}
,"C:\\Users\\123123\\OneDrive\\Microverse\\module 2\\week 2\\todo-list-2.0\\src\\modules.js\\delete.js": {"path":"C:\\Users\\123123\\OneDrive\\Microverse\\module 2\\week 2\\todo-list-2.0\\src\\modules.js\\delete.js","statementMap":{"0":{"start":{"line":3,"column":26},"end":{"line":8,"column":1}},"1":{"start":{"line":4,"column":13},"end":{"line":4,"column":59}},"2":{"start":{"line":6,"column":2},"end":{"line":6,"column":22}},"3":{"start":{"line":7,"column":2},"end":{"line":7,"column":13}}},"fnMap":{"0":{"name":"(anonymous_0)","decl":{"start":{"line":3,"column":26},"end":{"line":3,"column":27}},"loc":{"start":{"line":3,"column":37},"end":{"line":8,"column":1}},"line":3}},"branchMap":{},"s":{"0":1,"1":2,"2":2,"3":2},"f":{"0":2},"b":{},"_coverageSchema":"1a1c01bbd47fc00a2c39e90264f33305004495a9","hash":"0d46df29b23cff8f6dd9a5f3e2066988abbb4c75"}
,"C:\\Users\\123123\\OneDrive\\Microverse\\module 2\\week 2\\todo-list-2.0\\src\\modules.js\\saveDb.js": {"path":"C:\\Users\\123123\\OneDrive\\Microverse\\module 2\\week 2\\todo-list-2.0\\src\\modules.js\\saveDb.js","statementMap":{"0":{"start":{"line":4,"column":22},"end":{"line":12,"column":1}},"1":{"start":{"line":5,"column":2},"end":{"line":7,"column":5}},"2":{"start":{"line":6,"column":4},"end":{"line":6,"column":30}},"3":{"start":{"line":9,"column":2},"end":{"line":9,"column":71}},"4":{"start":{"line":10,"column":2},"end":{"line":10,"column":57}},"5":{"start":{"line":11,"column":2},"end":{"line":11,"column":16}}},"fnMap":{"0":{"name":"(anonymous_0)","decl":{"start":{"line":4,"column":22},"end":{"line":4,"column":23}},"loc":{"start":{"line":4,"column":44},"end":{"line":12,"column":1}},"line":4},"1":{"name":"(anonymous_1)","decl":{"start":{"line":5,"column":27},"end":{"line":5,"column":28}},"loc":{"start":{"line":5,"column":47},"end":{"line":7,"column":3}},"line":5}},"branchMap":{},"s":{"0":1,"1":4,"2":2,"3":4,"4":4,"5":4},"f":{"0":4,"1":2},"b":{},"_coverageSchema":"1a1c01bbd47fc00a2c39e90264f33305004495a9","hash":"fd8204e575d1f4f7c1c2f784d806991c3e1c758f"}
,"C:\\Users\\123123\\OneDrive\\Microverse\\module 2\\week 2\\todo-list-2.0\\src\\modules.js\\saveToDo.js": {"path":"C:\\Users\\123123\\OneDrive\\Microverse\\module 2\\week 2\\todo-list-2.0\\src\\modules.js\\saveToDo.js","statementMap":{"0":{"start":{"line":3,"column":24},"end":{"line":10,"column":1}},"1":{"start":{"line":4,"column":25},"end":{"line":4,"column":27}},"2":{"start":{"line":5,"column":2},"end":{"line":7,"column":3}},"3":{"start":{"line":6,"column":4},"end":{"line":6,"column":70}},"4":{"start":{"line":8,"column":2},"end":{"line":8,"column":30}},"5":{"start":{"line":9,"column":2},"end":{"line":9,"column":27}}},"fnMap":{"0":{"name":"(anonymous_0)","decl":{"start":{"line":3,"column":24},"end":{"line":3,"column":25}},"loc":{"start":{"line":3,"column":34},"end":{"line":10,"column":1}},"line":3}},"branchMap":{"0":{"loc":{"start":{"line":5,"column":2},"end":{"line":7,"column":3}},"type":"if","locations":[{"start":{"line":5,"column":2},"end":{"line":7,"column":3}},{"start":{},"end":{}}],"line":5}},"s":{"0":1,"1":2,"2":2,"3":1,"4":2,"5":2},"f":{"0":2},"b":{"0":[1,1]},"_coverageSchema":"1a1c01bbd47fc00a2c39e90264f33305004495a9","hash":"9659865affeda5c483f8fea0441478e92dd2276a"}
,"C:\\Users\\123123\\OneDrive\\Microverse\\module 2\\week 2\\todo-list-2.0\\src\\modules.js\\showDb.js": {"path":"C:\\Users\\123123\\OneDrive\\Microverse\\module 2\\week 2\\todo-list-2.0\\src\\modules.js\\showDb.js","statementMap":{"0":{"start":{"line":1,"column":22},"end":{"line":38,"column":1}},"1":{"start":{"line":2,"column":20},"end":{"line":2,"column":66}},"2":{"start":{"line":4,"column":2},"end":{"line":4,"column":27}},"3":{"start":{"line":6,"column":2},"end":{"line":28,"column":5}},"4":{"start":{"line":7,"column":16},"end":{"line":7,"column":18}},"5":{"start":{"line":8,"column":4},"end":{"line":10,"column":5}},"6":{"start":{"line":9,"column":6},"end":{"line":9,"column":24}},"7":{"start":{"line":11,"column":4},"end":{"line":27,"column":7}},"8":{"start":{"line":30,"column":28},"end":{"line":30,"column":74}},"9":{"start":{"line":32,"column":2},"end":{"line":37,"column":5}},"10":{"start":{"line":33,"column":4},"end":{"line":36,"column":5}},"11":{"start":{"line":34,"column":6},"end":{"line":34,"column":83}},"12":{"start":{"line":35,"column":6},"end":{"line":35,"column":65}}},"fnMap":{"0":{"name":"(anonymous_0)","decl":{"start":{"line":1,"column":22},"end":{"line":1,"column":23}},"loc":{"start":{"line":1,"column":30},"end":{"line":38,"column":1}},"line":1},"1":{"name":"(anonymous_1)","decl":{"start":{"line":6,"column":13},"end":{"line":6,"column":14}},"loc":{"start":{"line":6,"column":33},"end":{"line":28,"column":3}},"line":6},"2":{"name":"(anonymous_2)","decl":{"start":{"line":32,"column":13},"end":{"line":32,"column":14}},"loc":{"start":{"line":32,"column":26},"end":{"line":37,"column":3}},"line":32}},"branchMap":{"0":{"loc":{"start":{"line":8,"column":4},"end":{"line":10,"column":5}},"type":"if","locations":[{"start":{"line":8,"column":4},"end":{"line":10,"column":5}},{"start":{},"end":{}}],"line":8},"1":{"loc":{"start":{"line":33,"column":4},"end":{"line":36,"column":5}},"type":"if","locations":[{"start":{"line":33,"column":4},"end":{"line":36,"column":5}},{"start":{},"end":{}}],"line":33}},"s":{"0":1,"1":4,"2":4,"3":4,"4":2,"5":2,"6":0,"7":2,"8":4,"9":4,"10":2,"11":0,"12":0},"f":{"0":4,"1":2,"2":2},"b":{"0":[0,2],"1":[0,2]},"_coverageSchema":"1a1c01bbd47fc00a2c39e90264f33305004495a9","hash":"3d7e8b2da73bc5ffe8c462eb00c74cf9d5bb9ba2"}
}
