TN:
SF:src\modules.js\changeIcons.js
FN:1,(anonymous_0)
FN:4,(anonymous_1)
FN:5,(anonymous_2)
FN:12,(anonymous_3)
FN:15,(anonymous_4)
FNF:5
FNH:2
FNDA:4,(anonymous_0)
FNDA:2,(anonymous_1)
FNDA:0,(anonymous_2)
FNDA:0,(anonymous_3)
FNDA:0,(anonymous_4)
DA:1,1
DA:2,4
DA:4,4
DA:5,2
DA:6,0
DA:7,0
DA:8,0
DA:9,0
DA:12,2
DA:13,0
DA:14,0
DA:15,0
DA:16,0
DA:17,0
LF:14
LH:5
BRF:0
BRH:0
end_of_record
TN:
SF:src\modules.js\delete.js
FN:3,(anonymous_0)
FNF:1
FNH:1
FNDA:2,(anonymous_0)
DA:3,1
DA:4,2
DA:6,2
DA:7,2
LF:4
LH:4
BRF:0
BRH:0
end_of_record
TN:
SF:src\modules.js\saveDb.js
FN:4,(anonymous_0)
FN:5,(anonymous_1)
FNF:2
FNH:2
FNDA:4,(anonymous_0)
FNDA:2,(anonymous_1)
DA:4,1
DA:5,4
DA:6,2
DA:9,4
DA:10,4
DA:11,4
LF:6
LH:6
BRF:0
BRH:0
end_of_record
TN:
SF:src\modules.js\saveToDo.js
FN:3,(anonymous_0)
FNF:1
FNH:1
FNDA:2,(anonymous_0)
DA:3,1
DA:4,2
DA:5,2
DA:6,1
DA:8,2
DA:9,2
LF:6
LH:6
BRDA:5,0,0,1
BRDA:5,0,1,1
BRF:2
BRH:2
end_of_record
TN:
SF:src\modules.js\showDb.js
FN:1,(anonymous_0)
FN:6,(anonymous_1)
FN:32,(anonymous_2)
FNF:3
FNH:3
FNDA:4,(anonymous_0)
FNDA:2,(anonymous_1)
FNDA:2,(anonymous_2)
DA:1,1
DA:2,4
DA:4,4
DA:6,4
DA:7,2
DA:8,2
DA:9,0
DA:11,2
DA:30,4
DA:32,4
DA:33,2
DA:34,0
DA:35,0
LF:13
LH:10
BRDA:8,0,0,0
BRDA:8,0,1,2
BRDA:33,1,0,0
BRDA:33,1,1,2
BRF:4
BRH:2
end_of_record
